2025-04-27 15:43:05.247 - INFO  [           main] bstractTestContextBootstrapper : Neither @ContextConfiguration nor @ContextHierarchy found for test class [cn.wwwlike.auth.test.ReqTest], using SpringBootContextLoader
2025-04-27 15:43:05.260 - INFO  [           main] .s.t.c.s.AbstractContextLoader : Could not detect default resource locations for test class [cn.wwwlike.auth.test.ReqTest]: no resource found for suffixes {-context.xml, Context.groovy}.
2025-04-27 15:43:05.403 - INFO  [           main] bstractTestContextBootstrapper : Loaded default TestExecutionListener class names from location [META-INF/spring.factories]: [org.springframework.boot.test.mock.mockito.MockitoTestExecutionListener, org.springframework.boot.test.mock.mockito.ResetMocksTestExecutionListener, org.springframework.test.context.web.ServletTestExecutionListener, org.springframework.test.context.support.DirtiesContextBeforeModesTestExecutionListener, org.springframework.test.context.event.ApplicationEventsTestExecutionListener, org.springframework.test.context.support.DependencyInjectionTestExecutionListener, org.springframework.test.context.support.DirtiesContextTestExecutionListener, org.springframework.test.context.transaction.TransactionalTestExecutionListener, org.springframework.test.context.jdbc.SqlScriptsTestExecutionListener, org.springframework.test.context.event.EventPublishingTestExecutionListener]
2025-04-27 15:43:05.419 - INFO  [           main] bstractTestContextBootstrapper : Using TestExecutionListeners: [org.springframework.test.context.web.ServletTestExecutionListener@5f5b5ca4, org.springframework.test.context.support.DirtiesContextBeforeModesTestExecutionListener@4ee33af7, org.springframework.test.context.event.ApplicationEventsTestExecutionListener@6b04acb2, org.springframework.boot.test.mock.mockito.MockitoTestExecutionListener@18388a3c, org.springframework.test.context.support.DependencyInjectionTestExecutionListener@1d035be3, org.springframework.test.context.support.DirtiesContextTestExecutionListener@4a60ee36, org.springframework.test.context.transaction.TransactionalTestExecutionListener@4cfbaf4, org.springframework.test.context.jdbc.SqlScriptsTestExecutionListener@58faa93b, org.springframework.test.context.event.EventPublishingTestExecutionListener@5f212d84, org.springframework.boot.test.mock.mockito.ResetMocksTestExecutionListener@127d7908]
2025-04-27 15:43:05.813 - INFO  [           main] c.w.v.o.r.ModelReadCheck       : 模型共计：52
2025-04-27 15:43:05.890 - INFO  [           main] eApplicationContextInitializer : [vlife] 模型关系读取完毕
2025-04-27 15:43:05.902 - INFO  [           main] o.s.b.StartupInfoLogger        : Starting ReqTest using Java 1.8.0_131 on wwwlike with PID 23176 (started by Administrator in D:\vlife-2025\vlife\vlife-admin)
2025-04-27 15:43:05.905 - INFO  [           main] o.s.b.SpringApplication        : The following profiles are active: mysql
2025-04-27 15:43:06.759 - INFO  [           main] epositoryConfigurationDelegate : Bootstrapping Spring Data JPA repositories in DEFAULT mode.
2025-04-27 15:43:06.816 - INFO  [           main] epositoryConfigurationDelegate : Finished Spring Data repository scanning in 50 ms. Found 0 JPA repository interfaces.
2025-04-27 15:43:07.760 - INFO  [           main] o.h.j.i.u.LogHelper            : HHH000204: Processing PersistenceUnitInfo [name: default]
2025-04-27 15:43:07.821 - INFO  [           main] o.h.Version                    : HHH000412: Hibernate ORM core version 5.4.28.Final
2025-04-27 15:43:07.976 - INFO  [           main] .a.c.r.j.JavaReflectionManager : HCANN000001: Hibernate Commons Annotations {5.1.2.Final}
2025-04-27 15:43:08.304 - INFO  [           main] c.z.h.HikariDataSource         : HikariPool-1 - Starting...
2025-04-27 15:43:08.852 - INFO  [           main] c.z.h.HikariDataSource         : HikariPool-1 - Start completed.
2025-04-27 15:43:08.868 - INFO  [           main] o.h.d.Dialect                  : HHH000400: Using dialect: org.hibernate.dialect.MySQL57Dialect
2025-04-27 15:43:09.107 - WARN  [           main] o.h.i.UUIDHexGenerator         : HHH000409: Using org.hibernate.id.UUIDHexGenerator which does not generate IETF RFC 4122 compliant UUID values; consider using org.hibernate.id.UUIDGenerator instead
2025-04-27 15:43:09.971 - INFO  [           main] e.t.j.p.i.JtaPlatformInitiator : HHH000490: Using JtaPlatform implementation: [org.hibernate.engine.transaction.jta.platform.internal.NoJtaPlatform]
2025-04-27 15:43:09.981 - INFO  [           main] stractEntityManagerFactoryBean : Initialized JPA EntityManagerFactory for persistence unit 'default'
2025-04-27 15:43:10.666 - WARN  [           main] figuration$JpaWebConfiguration : spring.jpa.open-in-view is enabled by default. Therefore, database queries may be performed during view rendering. Explicitly configure spring.jpa.open-in-view to disable this warning
2025-04-27 15:43:14.861 - INFO  [           main] s.w.DefaultSecurityFilterChain : Will secure any request with [cn.wwwlike.web.security.core.CorsFilter@78995f04, org.springframework.security.web.context.request.async.WebAsyncManagerIntegrationFilter@6bb7e609, org.springframework.security.web.context.SecurityContextPersistenceFilter@62b8904c, org.springframework.security.web.header.HeaderWriterFilter@3d446ba9, org.springframework.security.web.authentication.logout.LogoutFilter@387c5d79, cn.wwwlike.web.security.filter.VerifyTokenFilter@1310324a, cn.wwwlike.web.security.filter.MyUsernamePasswordAuthenticationFilter@3aee98e7, org.springframework.security.web.authentication.UsernamePasswordAuthenticationFilter@72c3bc5e, org.springframework.security.web.savedrequest.RequestCacheAwareFilter@373743f, org.springframework.security.web.servletapi.SecurityContextHolderAwareRequestFilter@301d1d3c, org.springframework.security.web.authentication.AnonymousAuthenticationFilter@83d91c1, org.springframework.security.web.session.SessionManagementFilter@37b48520, org.springframework.security.web.access.ExceptionTranslationFilter@7689b31, org.springframework.security.web.access.intercept.FilterSecurityInterceptor@466644c3]
2025-04-27 15:43:15.415 - INFO  [           main] c.ExecutorConfigurationSupport : Initializing ExecutorService 'applicationTaskExecutor'
2025-04-27 15:43:15.595 - INFO  [           main] .w.s.WelcomePageHandlerMapping : Adding welcome page: class path resource [static/index.html]
2025-04-27 15:43:16.115 - INFO  [           main] c.ExecutorConfigurationSupport : Initializing ExecutorService 'taskScheduler'
2025-04-27 15:43:16.203 - INFO  [           main] .b.a.e.w.EndpointLinksResolver : Exposing 0 endpoint(s) beneath base path '/actuator'
2025-04-27 15:43:16.271 - INFO  [           main] o.s.b.StartupInfoLogger        : Started ReqTest in 10.796 seconds (JVM running for 12.113)
2025-04-27 15:44:38.105 - WARN  [l-1 housekeeper] c.z.h.p.HikariPool$HouseKeeper : HikariPool-1 - Thread starvation or clock leap detected (housekeeper delta=1m29s136ms466µs100ns).
2025-04-27 15:44:38.114 - INFO  [extShutdownHook] c.ExecutorConfigurationSupport : Shutting down ExecutorService 'taskScheduler'
2025-04-27 15:44:38.115 - INFO  [extShutdownHook] c.ExecutorConfigurationSupport : Shutting down ExecutorService 'applicationTaskExecutor'
2025-04-27 15:44:38.120 - INFO  [extShutdownHook] stractEntityManagerFactoryBean : Closing JPA EntityManagerFactory for persistence unit 'default'
2025-04-27 15:44:38.121 - INFO  [extShutdownHook] c.z.h.HikariDataSource         : HikariPool-1 - Shutdown initiated...
2025-04-27 15:44:38.128 - INFO  [extShutdownHook] c.z.h.HikariDataSource         : HikariPool-1 - Shutdown completed.
